2024-09-13 12:33:05,730 - INFO - 模型和日志将保存到: ../experiments/experiment_1
2024-09-13 12:34:33,478 - INFO - Epoch 1, Train Loss: 1.5822645491617588, Train Accuracy: 0.4061
2024-09-13 12:34:41,769 - INFO - Epoch 1, Validation Loss: 1.5511609415213268, Validation Accuracy: 0.3475
2024-09-13 12:34:42,213 - INFO - Best model saved with Validation Loss: 1.5511609415213268
2024-09-13 12:36:09,995 - INFO - Epoch 2, Train Loss: 1.317300805284933, Train Accuracy: 0.4783
2024-09-13 12:36:18,255 - INFO - Epoch 2, Validation Loss: 1.5088343222935994, Validation Accuracy: 0.3641
2024-09-13 12:36:18,879 - INFO - Best model saved with Validation Loss: 1.5088343222935994
2024-09-13 12:37:46,705 - INFO - Epoch 3, Train Loss: 1.2387241201898072, Train Accuracy: 0.5034
2024-09-13 12:37:54,985 - INFO - Epoch 3, Validation Loss: 1.5335789455307856, Validation Accuracy: 0.3589
2024-09-13 12:39:22,713 - INFO - Epoch 4, Train Loss: 1.1648202893192783, Train Accuracy: 0.5298
2024-09-13 12:39:31,017 - INFO - Epoch 4, Validation Loss: 1.4758695032861497, Validation Accuracy: 0.3789
2024-09-13 12:39:31,663 - INFO - Best model saved with Validation Loss: 1.4758695032861497
2024-09-13 12:40:59,399 - INFO - Epoch 5, Train Loss: 1.1046934197285423, Train Accuracy: 0.5538
2024-09-13 12:41:07,658 - INFO - Epoch 5, Validation Loss: 1.5188339451948802, Validation Accuracy: 0.3562
2024-09-13 12:42:35,466 - INFO - Epoch 6, Train Loss: 1.0388588067944065, Train Accuracy: 0.5852
2024-09-13 12:42:43,714 - INFO - Epoch 6, Validation Loss: 1.5067644615968068, Validation Accuracy: 0.3636
2024-09-13 12:44:11,473 - INFO - Epoch 7, Train Loss: 0.9608758505136689, Train Accuracy: 0.6154
2024-09-13 12:44:19,723 - INFO - Epoch 7, Validation Loss: 1.5716078910562727, Validation Accuracy: 0.3597
2024-09-13 12:45:47,498 - INFO - Epoch 8, Train Loss: 0.8848489906890261, Train Accuracy: 0.6533
2024-09-13 12:45:55,750 - INFO - Epoch 8, Validation Loss: 1.6575640009509192, Validation Accuracy: 0.3410
2024-09-13 12:47:23,495 - INFO - Epoch 9, Train Loss: 0.8089033595623414, Train Accuracy: 0.6868
2024-09-13 12:47:31,747 - INFO - Epoch 9, Validation Loss: 1.6822959317101374, Validation Accuracy: 0.3571
2024-09-13 12:48:59,492 - INFO - Epoch 10, Train Loss: 0.7151494956821021, Train Accuracy: 0.7324
2024-09-13 12:49:07,765 - INFO - Epoch 10, Validation Loss: 1.8090671201546986, Validation Accuracy: 0.3419
2024-09-13 12:50:35,518 - INFO - Epoch 11, Train Loss: 0.6186545429054213, Train Accuracy: 0.7716
2024-09-13 12:50:43,768 - INFO - Epoch 11, Validation Loss: 1.8962573872672186, Validation Accuracy: 0.3510
2024-09-13 12:52:11,529 - INFO - Epoch 12, Train Loss: 0.5428488192382765, Train Accuracy: 0.8037
2024-09-13 12:52:19,777 - INFO - Epoch 12, Validation Loss: 1.9583503206570942, Validation Accuracy: 0.3502
2024-09-13 12:53:47,575 - INFO - Epoch 13, Train Loss: 0.4535588483137587, Train Accuracy: 0.8419
2024-09-13 12:53:55,836 - INFO - Epoch 13, Validation Loss: 2.1782113413016, Validation Accuracy: 0.3441
2024-09-13 12:55:23,623 - INFO - Epoch 14, Train Loss: 0.3747972920994086, Train Accuracy: 0.8728
2024-09-13 12:55:31,877 - INFO - Epoch 14, Validation Loss: 2.3702350391281977, Validation Accuracy: 0.3415
2024-09-13 12:56:59,719 - INFO - Epoch 15, Train Loss: 0.3244226939656252, Train Accuracy: 0.8926
2024-09-13 12:57:07,994 - INFO - Epoch 15, Validation Loss: 2.464628961351183, Validation Accuracy: 0.3401
2024-09-13 12:58:35,765 - INFO - Epoch 16, Train Loss: 0.2702018132239032, Train Accuracy: 0.9128
2024-09-13 12:58:44,071 - INFO - Epoch 16, Validation Loss: 2.5364098780685, Validation Accuracy: 0.3454
2024-09-13 13:00:11,902 - INFO - Epoch 17, Train Loss: 0.22858498341466751, Train Accuracy: 0.9256
2024-09-13 13:00:20,149 - INFO - Epoch 17, Validation Loss: 2.6469582385487027, Validation Accuracy: 0.3410
2024-09-13 13:01:48,055 - INFO - Epoch 18, Train Loss: 0.19019097057771098, Train Accuracy: 0.9404
2024-09-13 13:01:56,372 - INFO - Epoch 18, Validation Loss: 2.7875015603171454, Validation Accuracy: 0.3454
2024-09-13 13:03:24,312 - INFO - Epoch 19, Train Loss: 0.1691570441507123, Train Accuracy: 0.9459
2024-09-13 13:03:32,573 - INFO - Epoch 19, Validation Loss: 2.903460224469503, Validation Accuracy: 0.3454
2024-09-13 13:05:00,376 - INFO - Epoch 20, Train Loss: 0.13937691985372386, Train Accuracy: 0.9570
2024-09-13 13:05:08,642 - INFO - Epoch 20, Validation Loss: 2.9912908209694757, Validation Accuracy: 0.3301
2024-09-13 13:06:36,528 - INFO - Epoch 21, Train Loss: 0.13202326575671236, Train Accuracy: 0.9593
2024-09-13 13:06:44,790 - INFO - Epoch 21, Validation Loss: 2.960661278830634, Validation Accuracy: 0.3480
2024-09-13 13:08:12,668 - INFO - Epoch 22, Train Loss: 0.10680290099027698, Train Accuracy: 0.9688
2024-09-13 13:08:20,966 - INFO - Epoch 22, Validation Loss: 3.1483265823788114, Validation Accuracy: 0.3423
2024-09-13 13:09:48,812 - INFO - Epoch 23, Train Loss: 0.10054303774255917, Train Accuracy: 0.9710
2024-09-13 13:09:57,067 - INFO - Epoch 23, Validation Loss: 3.183159954018063, Validation Accuracy: 0.3462
2024-09-13 13:11:24,920 - INFO - Epoch 24, Train Loss: 0.08413930550400466, Train Accuracy: 0.9744
2024-09-13 13:11:33,173 - INFO - Epoch 24, Validation Loss: 3.398599088191986, Validation Accuracy: 0.3441
2024-09-13 13:13:01,127 - INFO - Epoch 25, Train Loss: 0.07785795766151755, Train Accuracy: 0.9779
2024-09-13 13:13:09,382 - INFO - Epoch 25, Validation Loss: 3.3392872479226856, Validation Accuracy: 0.3388
2024-09-13 13:14:37,258 - INFO - Epoch 26, Train Loss: 0.07114961044005821, Train Accuracy: 0.9776
2024-09-13 13:14:45,515 - INFO - Epoch 26, Validation Loss: 3.5139216118388705, Validation Accuracy: 0.3401
2024-09-13 13:16:13,394 - INFO - Epoch 27, Train Loss: 0.0682815098449405, Train Accuracy: 0.9812
2024-09-13 13:16:21,655 - INFO - Epoch 27, Validation Loss: 3.545572578907013, Validation Accuracy: 0.3449
2024-09-13 13:17:49,483 - INFO - Epoch 28, Train Loss: 0.06717477018367841, Train Accuracy: 0.9790
2024-09-13 13:17:57,747 - INFO - Epoch 28, Validation Loss: 3.499459551440345, Validation Accuracy: 0.3384
2024-09-13 13:19:25,606 - INFO - Epoch 29, Train Loss: 0.05618062514263245, Train Accuracy: 0.9843
2024-09-13 13:19:33,862 - INFO - Epoch 29, Validation Loss: 3.5999812152650623, Validation Accuracy: 0.3332
2024-09-13 13:21:01,705 - INFO - Epoch 30, Train Loss: 0.05521291442375424, Train Accuracy: 0.9835
2024-09-13 13:21:09,961 - INFO - Epoch 30, Validation Loss: 3.7326345841089883, Validation Accuracy: 0.3323
2024-09-13 13:22:37,832 - INFO - Epoch 31, Train Loss: 0.05524263298996021, Train Accuracy: 0.9843
2024-09-13 13:22:46,089 - INFO - Epoch 31, Validation Loss: 3.628059254752265, Validation Accuracy: 0.3484
2024-09-13 13:24:13,929 - INFO - Epoch 32, Train Loss: 0.049686900517143355, Train Accuracy: 0.9855
2024-09-13 13:24:22,179 - INFO - Epoch 32, Validation Loss: 3.7059258619944253, Validation Accuracy: 0.3328
2024-09-13 13:25:50,033 - INFO - Epoch 33, Train Loss: 0.050920007618978344, Train Accuracy: 0.9849
2024-09-13 13:25:58,288 - INFO - Epoch 33, Validation Loss: 3.7320806980133057, Validation Accuracy: 0.3345
2024-09-13 13:27:26,120 - INFO - Epoch 34, Train Loss: 0.04589694926080985, Train Accuracy: 0.9852
2024-09-13 13:27:34,369 - INFO - Epoch 34, Validation Loss: 3.9386570519871182, Validation Accuracy: 0.3367
2024-09-13 13:29:02,203 - INFO - Epoch 35, Train Loss: 0.046123985778197554, Train Accuracy: 0.9864
2024-09-13 13:29:10,464 - INFO - Epoch 35, Validation Loss: 3.6866898271772595, Validation Accuracy: 0.3467
2024-09-13 13:30:38,289 - INFO - Epoch 36, Train Loss: 0.03462258027152278, Train Accuracy: 0.9892
2024-09-13 13:30:46,603 - INFO - Epoch 36, Validation Loss: 3.9599856005774603, Validation Accuracy: 0.3445
2024-09-13 13:32:14,490 - INFO - Epoch 37, Train Loss: 0.03478587356516006, Train Accuracy: 0.9896
2024-09-13 13:32:22,750 - INFO - Epoch 37, Validation Loss: 3.8567318850093417, Validation Accuracy: 0.3397
2024-09-13 13:33:50,624 - INFO - Epoch 38, Train Loss: 0.037065615551831896, Train Accuracy: 0.9889
2024-09-13 13:33:58,883 - INFO - Epoch 38, Validation Loss: 3.907833013269636, Validation Accuracy: 0.3406
2024-09-13 13:35:26,745 - INFO - Epoch 39, Train Loss: 0.04129561640470763, Train Accuracy: 0.9874
2024-09-13 13:35:35,005 - INFO - Epoch 39, Validation Loss: 3.8729662630293102, Validation Accuracy: 0.3354
2024-09-13 13:37:02,846 - INFO - Epoch 40, Train Loss: 0.037688438916304634, Train Accuracy: 0.9880
2024-09-13 13:37:11,097 - INFO - Epoch 40, Validation Loss: 4.135326034492916, Validation Accuracy: 0.3441
2024-09-13 13:38:38,919 - INFO - Epoch 41, Train Loss: 0.039135871972157364, Train Accuracy: 0.9876
2024-09-13 13:38:47,166 - INFO - Epoch 41, Validation Loss: 4.320759541458553, Validation Accuracy: 0.3306
2024-09-13 13:40:15,015 - INFO - Epoch 42, Train Loss: 0.03911691883498906, Train Accuracy: 0.9879
2024-09-13 13:40:23,273 - INFO - Epoch 42, Validation Loss: 4.1338389383422, Validation Accuracy: 0.3245
2024-09-13 13:41:51,088 - INFO - Epoch 43, Train Loss: 0.029222870062739572, Train Accuracy: 0.9918
2024-09-13 13:41:59,345 - INFO - Epoch 43, Validation Loss: 4.0564513603846235, Validation Accuracy: 0.3428
2024-09-13 13:43:27,162 - INFO - Epoch 44, Train Loss: 0.024349009988121003, Train Accuracy: 0.9921
2024-09-13 13:43:35,423 - INFO - Epoch 44, Validation Loss: 4.075809114509159, Validation Accuracy: 0.3354
2024-09-13 13:45:03,308 - INFO - Epoch 45, Train Loss: 0.0280553838223836, Train Accuracy: 0.9917
2024-09-13 13:45:11,568 - INFO - Epoch 45, Validation Loss: 4.406530241171519, Validation Accuracy: 0.3258
2024-09-13 13:46:39,467 - INFO - Epoch 46, Train Loss: 0.02657910887054825, Train Accuracy: 0.9919
2024-09-13 13:46:47,732 - INFO - Epoch 46, Validation Loss: 4.345130960146586, Validation Accuracy: 0.3245
2024-09-13 13:48:15,530 - INFO - Epoch 47, Train Loss: 0.03471399959965261, Train Accuracy: 0.9879
2024-09-13 13:48:23,789 - INFO - Epoch 47, Validation Loss: 4.2145041359795465, Validation Accuracy: 0.3328
2024-09-13 13:49:51,655 - INFO - Epoch 48, Train Loss: 0.028533174022118007, Train Accuracy: 0.9914
2024-09-13 13:49:59,942 - INFO - Epoch 48, Validation Loss: 4.132672972149319, Validation Accuracy: 0.3423
2024-09-13 13:51:27,705 - INFO - Epoch 49, Train Loss: 0.02196169857569953, Train Accuracy: 0.9934
2024-09-13 13:51:35,953 - INFO - Epoch 49, Validation Loss: 4.209100551075405, Validation Accuracy: 0.3393
2024-09-13 13:53:03,780 - INFO - Epoch 50, Train Loss: 0.024579975229082344, Train Accuracy: 0.9911
2024-09-13 13:53:12,035 - INFO - Epoch 50, Validation Loss: 4.512605587641398, Validation Accuracy: 0.3341
2024-09-13 13:54:39,803 - INFO - Epoch 51, Train Loss: 0.022551593807828757, Train Accuracy: 0.9937
2024-09-13 13:54:48,054 - INFO - Epoch 51, Validation Loss: 4.433429128593868, Validation Accuracy: 0.3328
2024-09-13 13:56:15,818 - INFO - Epoch 52, Train Loss: 0.023971104675881063, Train Accuracy: 0.9925
2024-09-13 13:56:24,076 - INFO - Epoch 52, Validation Loss: 4.303988920317756, Validation Accuracy: 0.3371
2024-09-13 13:57:51,871 - INFO - Epoch 53, Train Loss: 0.020115038271467746, Train Accuracy: 0.9939
2024-09-13 13:58:00,116 - INFO - Epoch 53, Validation Loss: 4.542027274767558, Validation Accuracy: 0.3188
2024-09-13 13:59:27,938 - INFO - Epoch 54, Train Loss: 0.024748705027544973, Train Accuracy: 0.9914
2024-09-13 13:59:36,202 - INFO - Epoch 54, Validation Loss: 4.47219564517339, Validation Accuracy: 0.3397
2024-09-13 14:01:03,979 - INFO - Epoch 55, Train Loss: 0.023732635681803105, Train Accuracy: 0.9926
2024-09-13 14:01:12,225 - INFO - Epoch 55, Validation Loss: 4.519758224487305, Validation Accuracy: 0.3284
2024-09-13 14:02:40,123 - INFO - Epoch 56, Train Loss: 0.02261171308117547, Train Accuracy: 0.9931
2024-09-13 14:02:48,406 - INFO - Epoch 56, Validation Loss: 4.275916914145152, Validation Accuracy: 0.3515
2024-09-13 14:04:16,305 - INFO - Epoch 57, Train Loss: 0.02711738140445111, Train Accuracy: 0.9899
2024-09-13 14:04:24,547 - INFO - Epoch 57, Validation Loss: 4.373260511292352, Validation Accuracy: 0.3549
2024-09-13 14:05:52,343 - INFO - Epoch 58, Train Loss: 0.018950207191776553, Train Accuracy: 0.9942
2024-09-13 14:06:00,583 - INFO - Epoch 58, Validation Loss: 4.414316263463762, Validation Accuracy: 0.3367
2024-09-13 14:07:28,353 - INFO - Epoch 59, Train Loss: 0.02196387581575799, Train Accuracy: 0.9930
2024-09-13 14:07:36,597 - INFO - Epoch 59, Validation Loss: 4.578508787684971, Validation Accuracy: 0.3410
2024-09-13 14:09:04,416 - INFO - Epoch 60, Train Loss: 0.023424670601583607, Train Accuracy: 0.9926
2024-09-13 14:09:12,671 - INFO - Epoch 60, Validation Loss: 4.432831048965454, Validation Accuracy: 0.3336
2024-09-13 14:10:40,497 - INFO - Epoch 61, Train Loss: 0.015498496859157286, Train Accuracy: 0.9954
2024-09-13 14:10:48,743 - INFO - Epoch 61, Validation Loss: 4.612003213829464, Validation Accuracy: 0.3249
2024-09-13 14:12:16,603 - INFO - Epoch 62, Train Loss: 0.019082541419678807, Train Accuracy: 0.9936
2024-09-13 14:12:24,855 - INFO - Epoch 62, Validation Loss: 4.664617591434055, Validation Accuracy: 0.3158
2024-09-13 14:13:52,745 - INFO - Epoch 63, Train Loss: 0.016662602799950292, Train Accuracy: 0.9950
2024-09-13 14:14:01,029 - INFO - Epoch 63, Validation Loss: 4.512544718053606, Validation Accuracy: 0.3388
2024-09-13 14:15:28,904 - INFO - Epoch 64, Train Loss: 0.021248488324162967, Train Accuracy: 0.9927
2024-09-13 14:15:37,186 - INFO - Epoch 64, Validation Loss: 4.624954448805915, Validation Accuracy: 0.3284
2024-09-13 14:17:05,221 - INFO - Epoch 65, Train Loss: 0.017915586714898492, Train Accuracy: 0.9941
2024-09-13 14:17:13,507 - INFO - Epoch 65, Validation Loss: 4.505548066563076, Validation Accuracy: 0.3358
2024-09-13 14:18:41,493 - INFO - Epoch 66, Train Loss: 0.021408191198580243, Train Accuracy: 0.9934
2024-09-13 14:18:49,736 - INFO - Epoch 66, Validation Loss: 4.625905162758297, Validation Accuracy: 0.3280
2024-09-13 14:20:17,501 - INFO - Epoch 67, Train Loss: 0.016420309586119067, Train Accuracy: 0.9943
2024-09-13 14:20:25,748 - INFO - Epoch 67, Validation Loss: 4.517239941491021, Validation Accuracy: 0.3293
2024-09-13 14:21:53,581 - INFO - Epoch 68, Train Loss: 0.018597646548549868, Train Accuracy: 0.9946
2024-09-13 14:22:01,861 - INFO - Epoch 68, Validation Loss: 4.634913259082371, Validation Accuracy: 0.3158
2024-09-13 14:23:29,700 - INFO - Epoch 69, Train Loss: 0.01786695630432455, Train Accuracy: 0.9952
2024-09-13 14:23:37,954 - INFO - Epoch 69, Validation Loss: 4.7101852960056725, Validation Accuracy: 0.3293
2024-09-13 14:25:05,764 - INFO - Epoch 70, Train Loss: 0.016153165137115295, Train Accuracy: 0.9945
2024-09-13 14:25:14,013 - INFO - Epoch 70, Validation Loss: 4.87860686911477, Validation Accuracy: 0.3293
2024-09-13 14:26:41,858 - INFO - Epoch 71, Train Loss: 0.016755670880430316, Train Accuracy: 0.9952
2024-09-13 14:26:50,116 - INFO - Epoch 71, Validation Loss: 4.793643898434109, Validation Accuracy: 0.3275
2024-09-13 14:28:17,923 - INFO - Epoch 72, Train Loss: 0.013720875224198553, Train Accuracy: 0.9956
2024-09-13 14:28:26,184 - INFO - Epoch 72, Validation Loss: 4.623154713047875, Validation Accuracy: 0.3345
2024-09-13 14:29:54,010 - INFO - Epoch 73, Train Loss: 0.015487290498874854, Train Accuracy: 0.9953
2024-09-13 14:30:02,265 - INFO - Epoch 73, Validation Loss: 4.776357279883491, Validation Accuracy: 0.3284
2024-09-13 14:31:30,145 - INFO - Epoch 74, Train Loss: 0.016934992130231568, Train Accuracy: 0.9943
2024-09-13 14:31:38,400 - INFO - Epoch 74, Validation Loss: 4.752475235197279, Validation Accuracy: 0.3467
2024-09-13 14:33:06,481 - INFO - Epoch 75, Train Loss: 0.013771589641513565, Train Accuracy: 0.9956
2024-09-13 14:33:14,790 - INFO - Epoch 75, Validation Loss: 4.817629251215193, Validation Accuracy: 0.3314
2024-09-13 14:34:42,681 - INFO - Epoch 76, Train Loss: 0.015847187957075064, Train Accuracy: 0.9946
2024-09-13 14:34:50,942 - INFO - Epoch 76, Validation Loss: 5.15986180305481, Validation Accuracy: 0.3258
2024-09-13 14:36:18,891 - INFO - Epoch 77, Train Loss: 0.0204964675744167, Train Accuracy: 0.9921
2024-09-13 14:36:27,159 - INFO - Epoch 77, Validation Loss: 4.677944189972347, Validation Accuracy: 0.3371
2024-09-13 14:37:55,061 - INFO - Epoch 78, Train Loss: 0.01639636899623163, Train Accuracy: 0.9953
2024-09-13 14:38:03,334 - INFO - Epoch 78, Validation Loss: 4.635894040266673, Validation Accuracy: 0.3332
2024-09-13 14:39:31,176 - INFO - Epoch 79, Train Loss: 0.012587662422001088, Train Accuracy: 0.9963
2024-09-13 14:39:39,431 - INFO - Epoch 79, Validation Loss: 4.729861590597364, Validation Accuracy: 0.3297
2024-09-13 14:41:07,287 - INFO - Epoch 80, Train Loss: 0.0121736302504036, Train Accuracy: 0.9963
2024-09-13 14:41:15,550 - INFO - Epoch 80, Validation Loss: 4.881796823607551, Validation Accuracy: 0.3314
2024-09-13 14:42:43,435 - INFO - Epoch 81, Train Loss: 0.01833416097240374, Train Accuracy: 0.9941
2024-09-13 14:42:51,705 - INFO - Epoch 81, Validation Loss: 4.782268080446455, Validation Accuracy: 0.3328
2024-09-13 14:44:19,551 - INFO - Epoch 82, Train Loss: 0.01602185309537475, Train Accuracy: 0.9947
2024-09-13 14:44:27,824 - INFO - Epoch 82, Validation Loss: 4.761736677752601, Validation Accuracy: 0.3258
2024-09-13 14:45:55,760 - INFO - Epoch 83, Train Loss: 0.012129303523585017, Train Accuracy: 0.9965
2024-09-13 14:46:04,024 - INFO - Epoch 83, Validation Loss: 4.798446337381999, Validation Accuracy: 0.3423
2024-09-13 14:47:31,910 - INFO - Epoch 84, Train Loss: 0.010510064706854819, Train Accuracy: 0.9965
2024-09-13 14:47:40,172 - INFO - Epoch 84, Validation Loss: 5.032811376783583, Validation Accuracy: 0.3323
2024-09-13 14:49:08,044 - INFO - Epoch 85, Train Loss: 0.010667458641559937, Train Accuracy: 0.9968
2024-09-13 14:49:16,312 - INFO - Epoch 85, Validation Loss: 5.1180147131284075, Validation Accuracy: 0.3280
2024-09-13 14:50:44,190 - INFO - Epoch 86, Train Loss: 0.015066107255985183, Train Accuracy: 0.9954
2024-09-13 14:50:52,478 - INFO - Epoch 86, Validation Loss: 4.815635667906867, Validation Accuracy: 0.3367
2024-09-13 14:52:20,341 - INFO - Epoch 87, Train Loss: 0.01401003455859966, Train Accuracy: 0.9951
2024-09-13 14:52:28,630 - INFO - Epoch 87, Validation Loss: 5.062249885665046, Validation Accuracy: 0.3293
2024-09-13 14:53:56,486 - INFO - Epoch 88, Train Loss: 0.016203369736918563, Train Accuracy: 0.9949
2024-09-13 14:54:04,753 - INFO - Epoch 88, Validation Loss: 4.900477276908027, Validation Accuracy: 0.3358
2024-09-13 14:55:32,690 - INFO - Epoch 89, Train Loss: 0.0162937650444526, Train Accuracy: 0.9947
2024-09-13 14:55:40,955 - INFO - Epoch 89, Validation Loss: 4.863372637165917, Validation Accuracy: 0.3332
2024-09-13 14:57:08,809 - INFO - Epoch 90, Train Loss: 0.012660312225457932, Train Accuracy: 0.9960
2024-09-13 14:57:17,076 - INFO - Epoch 90, Validation Loss: 5.084841741455926, Validation Accuracy: 0.3310
2024-09-13 14:58:44,967 - INFO - Epoch 91, Train Loss: 0.0127967410962643, Train Accuracy: 0.9962
2024-09-13 14:58:53,255 - INFO - Epoch 91, Validation Loss: 4.987408465809292, Validation Accuracy: 0.3336
2024-09-13 15:00:21,082 - INFO - Epoch 92, Train Loss: 0.011521519369772847, Train Accuracy: 0.9964
2024-09-13 15:00:29,363 - INFO - Epoch 92, Validation Loss: 4.8044324848386974, Validation Accuracy: 0.3432
2024-09-13 15:01:57,266 - INFO - Epoch 93, Train Loss: 0.014184022579946344, Train Accuracy: 0.9951
2024-09-13 15:02:05,538 - INFO - Epoch 93, Validation Loss: 4.919646110799578, Validation Accuracy: 0.3358
2024-09-13 15:03:33,405 - INFO - Epoch 94, Train Loss: 0.01516088912034253, Train Accuracy: 0.9949
2024-09-13 15:03:41,675 - INFO - Epoch 94, Validation Loss: 4.913961370786031, Validation Accuracy: 0.3493
2024-09-13 15:05:09,508 - INFO - Epoch 95, Train Loss: 0.012269458962758672, Train Accuracy: 0.9963
2024-09-13 15:05:17,772 - INFO - Epoch 95, Validation Loss: 5.0588562621010675, Validation Accuracy: 0.3241
2024-09-13 15:06:45,598 - INFO - Epoch 96, Train Loss: 0.009523854633402922, Train Accuracy: 0.9967
2024-09-13 15:06:53,889 - INFO - Epoch 96, Validation Loss: 5.128669659296672, Validation Accuracy: 0.3328
2024-09-13 15:08:21,714 - INFO - Epoch 97, Train Loss: 0.007774801547903327, Train Accuracy: 0.9976
2024-09-13 15:08:29,973 - INFO - Epoch 97, Validation Loss: 5.26148345735338, Validation Accuracy: 0.3310
2024-09-13 15:09:57,814 - INFO - Epoch 98, Train Loss: 0.012915126800264283, Train Accuracy: 0.9954
2024-09-13 15:10:06,111 - INFO - Epoch 98, Validation Loss: 5.104671743181017, Validation Accuracy: 0.3297
2024-09-13 15:11:33,981 - INFO - Epoch 99, Train Loss: 0.010693923016350167, Train Accuracy: 0.9961
2024-09-13 15:11:42,254 - INFO - Epoch 99, Validation Loss: 5.204814990361531, Validation Accuracy: 0.3123
2024-09-13 15:13:10,169 - INFO - Epoch 100, Train Loss: 0.014813084651693198, Train Accuracy: 0.9955
2024-09-13 15:13:18,430 - INFO - Epoch 100, Validation Loss: 5.039790643586053, Validation Accuracy: 0.3201
2024-09-13 15:14:46,309 - INFO - Epoch 101, Train Loss: 0.011910866166160019, Train Accuracy: 0.9963
2024-09-13 15:14:54,779 - INFO - Epoch 101, Validation Loss: 4.823288334740533, Validation Accuracy: 0.3449
2024-09-13 15:16:22,667 - INFO - Epoch 102, Train Loss: 0.011915119005166468, Train Accuracy: 0.9957
2024-09-13 15:16:30,958 - INFO - Epoch 102, Validation Loss: 5.034934341907501, Validation Accuracy: 0.3388
2024-09-13 15:17:58,896 - INFO - Epoch 103, Train Loss: 0.008773636513002548, Train Accuracy: 0.9968
2024-09-13 15:18:07,169 - INFO - Epoch 103, Validation Loss: 5.099292159080505, Validation Accuracy: 0.3319
2024-09-13 15:19:35,066 - INFO - Epoch 104, Train Loss: 0.009682470153852228, Train Accuracy: 0.9966
2024-09-13 15:19:43,342 - INFO - Epoch 104, Validation Loss: 5.256816665331523, Validation Accuracy: 0.3301
2024-09-13 15:21:11,214 - INFO - Epoch 105, Train Loss: 0.014918599166408142, Train Accuracy: 0.9947
2024-09-13 15:21:19,484 - INFO - Epoch 105, Validation Loss: 5.322375277678172, Validation Accuracy: 0.3323
2024-09-13 15:22:47,311 - INFO - Epoch 106, Train Loss: 0.01108066142398144, Train Accuracy: 0.9954
2024-09-13 15:22:55,579 - INFO - Epoch 106, Validation Loss: 4.974161333507961, Validation Accuracy: 0.3432
2024-09-13 15:24:23,419 - INFO - Epoch 107, Train Loss: 0.012676650159556612, Train Accuracy: 0.9953
2024-09-13 15:24:31,693 - INFO - Epoch 107, Validation Loss: 5.0756093462308245, Validation Accuracy: 0.3275
2024-09-13 15:25:59,621 - INFO - Epoch 108, Train Loss: 0.008158375755305248, Train Accuracy: 0.9974
2024-09-13 15:26:07,883 - INFO - Epoch 108, Validation Loss: 5.073433478673299, Validation Accuracy: 0.3206
2024-09-13 15:27:35,745 - INFO - Epoch 109, Train Loss: 0.008294082499236695, Train Accuracy: 0.9977
2024-09-13 15:27:44,060 - INFO - Epoch 109, Validation Loss: 5.153211977746752, Validation Accuracy: 0.3375
2024-09-13 15:29:12,031 - INFO - Epoch 110, Train Loss: 0.0069784534748885034, Train Accuracy: 0.9978
2024-09-13 15:29:20,288 - INFO - Epoch 110, Validation Loss: 5.231813629468282, Validation Accuracy: 0.3362
2024-09-13 15:30:48,158 - INFO - Epoch 111, Train Loss: 0.007152729939567239, Train Accuracy: 0.9977
2024-09-13 15:30:56,429 - INFO - Epoch 111, Validation Loss: 5.009851177533467, Validation Accuracy: 0.3497
2024-09-13 15:32:24,347 - INFO - Epoch 112, Train Loss: 0.012216514931301417, Train Accuracy: 0.9962
2024-09-13 15:32:32,609 - INFO - Epoch 112, Validation Loss: 5.355470180511475, Validation Accuracy: 0.3267
2024-09-13 15:34:00,514 - INFO - Epoch 113, Train Loss: 0.012741538008033624, Train Accuracy: 0.9955
2024-09-13 15:34:08,775 - INFO - Epoch 113, Validation Loss: 5.05446500910653, Validation Accuracy: 0.3314
2024-09-13 15:35:36,657 - INFO - Epoch 114, Train Loss: 0.00948036803029752, Train Accuracy: 0.9973
2024-09-13 15:35:44,917 - INFO - Epoch 114, Validation Loss: 5.221849607096778, Validation Accuracy: 0.3162
2024-09-13 15:37:12,794 - INFO - Epoch 115, Train Loss: 0.013708134416413659, Train Accuracy: 0.9946
2024-09-13 15:37:21,054 - INFO - Epoch 115, Validation Loss: 5.253256056043837, Validation Accuracy: 0.3401
2024-09-13 15:38:48,940 - INFO - Epoch 116, Train Loss: 0.01297232692486655, Train Accuracy: 0.9955
2024-09-13 15:38:57,198 - INFO - Epoch 116, Validation Loss: 5.286335514651404, Validation Accuracy: 0.3362
2024-09-13 15:40:25,096 - INFO - Epoch 117, Train Loss: 0.009729280843588015, Train Accuracy: 0.9963
2024-09-13 15:40:33,352 - INFO - Epoch 117, Validation Loss: 5.062755816512638, Validation Accuracy: 0.3415
2024-09-13 15:42:01,224 - INFO - Epoch 118, Train Loss: 0.010809355489859654, Train Accuracy: 0.9965
2024-09-13 15:42:09,480 - INFO - Epoch 118, Validation Loss: 5.37698855664995, Validation Accuracy: 0.3293
2024-09-13 15:43:37,372 - INFO - Epoch 119, Train Loss: 0.012340133982846953, Train Accuracy: 0.9959
2024-09-13 15:43:45,631 - INFO - Epoch 119, Validation Loss: 5.209052960077922, Validation Accuracy: 0.3410
2024-09-13 15:45:13,478 - INFO - Epoch 120, Train Loss: 0.010306226396436826, Train Accuracy: 0.9964
2024-09-13 15:45:21,735 - INFO - Epoch 120, Validation Loss: 4.958107444975111, Validation Accuracy: 0.3349
2024-09-13 15:46:49,556 - INFO - Epoch 121, Train Loss: 0.007109285859166833, Train Accuracy: 0.9979
2024-09-13 15:46:57,810 - INFO - Epoch 121, Validation Loss: 5.099045819706387, Validation Accuracy: 0.3332
2024-09-13 15:48:25,657 - INFO - Epoch 122, Train Loss: 0.007697091351055748, Train Accuracy: 0.9973
2024-09-13 15:48:33,903 - INFO - Epoch 122, Validation Loss: 5.113751265737745, Validation Accuracy: 0.3380
2024-09-13 15:50:02,443 - INFO - Epoch 123, Train Loss: 0.00926732674265706, Train Accuracy: 0.9975
2024-09-13 15:50:10,698 - INFO - Epoch 123, Validation Loss: 5.26588969760471, Validation Accuracy: 0.3471
2024-09-13 15:51:38,592 - INFO - Epoch 124, Train Loss: 0.00936976757608147, Train Accuracy: 0.9974
2024-09-13 15:51:46,845 - INFO - Epoch 124, Validation Loss: 5.329951021406385, Validation Accuracy: 0.3293
2024-09-13 15:53:14,775 - INFO - Epoch 125, Train Loss: 0.014379020988604801, Train Accuracy: 0.9948
2024-09-13 15:53:23,038 - INFO - Epoch 125, Validation Loss: 5.7381881607903376, Validation Accuracy: 0.3110
2024-09-13 15:54:50,873 - INFO - Epoch 126, Train Loss: 0.008660619264831724, Train Accuracy: 0.9971
2024-09-13 15:54:59,125 - INFO - Epoch 126, Validation Loss: 5.3262722624672785, Validation Accuracy: 0.3419
2024-09-13 15:56:26,995 - INFO - Epoch 127, Train Loss: 0.01592848083022925, Train Accuracy: 0.9954
2024-09-13 15:56:35,254 - INFO - Epoch 127, Validation Loss: 5.073166900210911, Validation Accuracy: 0.3519
2024-09-13 15:58:03,154 - INFO - Epoch 128, Train Loss: 0.007239565997012388, Train Accuracy: 0.9975
2024-09-13 15:58:11,414 - INFO - Epoch 128, Validation Loss: 5.618604858716329, Validation Accuracy: 0.3288
2024-09-13 15:59:39,246 - INFO - Epoch 129, Train Loss: 0.010180421937860553, Train Accuracy: 0.9965
2024-09-13 15:59:47,498 - INFO - Epoch 129, Validation Loss: 5.239724583095974, Validation Accuracy: 0.3397
2024-09-13 16:01:15,318 - INFO - Epoch 130, Train Loss: 0.008319405273241891, Train Accuracy: 0.9975
2024-09-13 16:01:23,570 - INFO - Epoch 130, Validation Loss: 5.2525103489557905, Validation Accuracy: 0.3319
2024-09-13 16:02:51,415 - INFO - Epoch 131, Train Loss: 0.006449197044387529, Train Accuracy: 0.9975
2024-09-13 16:02:59,716 - INFO - Epoch 131, Validation Loss: 5.0571335554122925, Validation Accuracy: 0.3419
2024-09-13 16:04:27,698 - INFO - Epoch 132, Train Loss: 0.0059861497701955615, Train Accuracy: 0.9982
2024-09-13 16:04:35,949 - INFO - Epoch 132, Validation Loss: 5.553294678529103, Validation Accuracy: 0.3245
2024-09-13 16:06:03,844 - INFO - Epoch 133, Train Loss: 0.00892148466168887, Train Accuracy: 0.9975
2024-09-13 16:06:12,136 - INFO - Epoch 133, Validation Loss: 5.311158895492554, Validation Accuracy: 0.3336
2024-09-13 16:07:40,072 - INFO - Epoch 134, Train Loss: 0.007493756948509596, Train Accuracy: 0.9978
2024-09-13 16:07:48,366 - INFO - Epoch 134, Validation Loss: 5.583499802483453, Validation Accuracy: 0.3271
2024-09-13 16:09:16,291 - INFO - Epoch 135, Train Loss: 0.007947084395151708, Train Accuracy: 0.9967
2024-09-13 16:09:24,587 - INFO - Epoch 135, Validation Loss: 5.398748212390476, Validation Accuracy: 0.3227
2024-09-13 16:10:52,491 - INFO - Epoch 136, Train Loss: 0.008208455313982704, Train Accuracy: 0.9975
2024-09-13 16:11:00,797 - INFO - Epoch 136, Validation Loss: 5.166211816999647, Validation Accuracy: 0.3441
2024-09-13 16:12:28,739 - INFO - Epoch 137, Train Loss: 0.007596223791072037, Train Accuracy: 0.9983
2024-09-13 16:12:37,044 - INFO - Epoch 137, Validation Loss: 5.2397129734357195, Validation Accuracy: 0.3384
2024-09-13 16:14:05,131 - INFO - Epoch 138, Train Loss: 0.007676984458012603, Train Accuracy: 0.9975
2024-09-13 16:14:13,432 - INFO - Epoch 138, Validation Loss: 5.559755894872877, Validation Accuracy: 0.3080
2024-09-13 16:15:41,411 - INFO - Epoch 139, Train Loss: 0.009660168551444219, Train Accuracy: 0.9968
2024-09-13 16:15:49,709 - INFO - Epoch 139, Validation Loss: 5.197863241036733, Validation Accuracy: 0.3358
2024-09-13 16:17:17,649 - INFO - Epoch 140, Train Loss: 0.008721309054897887, Train Accuracy: 0.9974
2024-09-13 16:17:25,947 - INFO - Epoch 140, Validation Loss: 5.3546779420640735, Validation Accuracy: 0.3249
2024-09-13 16:18:53,927 - INFO - Epoch 141, Train Loss: 0.010789316373254441, Train Accuracy: 0.9965
2024-09-13 16:19:02,230 - INFO - Epoch 141, Validation Loss: 5.212956070899963, Validation Accuracy: 0.3162
2024-09-13 16:20:30,211 - INFO - Epoch 142, Train Loss: 0.00853099818023613, Train Accuracy: 0.9974
2024-09-13 16:20:38,518 - INFO - Epoch 142, Validation Loss: 5.606921619839138, Validation Accuracy: 0.3293
2024-09-13 16:22:06,511 - INFO - Epoch 143, Train Loss: 0.011338515668368949, Train Accuracy: 0.9958
2024-09-13 16:22:14,825 - INFO - Epoch 143, Validation Loss: 5.439420964982775, Validation Accuracy: 0.3332
2024-09-13 16:23:42,838 - INFO - Epoch 144, Train Loss: 0.006079597474612221, Train Accuracy: 0.9980
2024-09-13 16:23:51,140 - INFO - Epoch 144, Validation Loss: 5.48026520676083, Validation Accuracy: 0.3310
2024-09-13 16:25:19,065 - INFO - Epoch 145, Train Loss: 0.007650212225671344, Train Accuracy: 0.9971
2024-09-13 16:25:27,381 - INFO - Epoch 145, Validation Loss: 5.437619646390279, Validation Accuracy: 0.3193
2024-09-13 16:26:55,320 - INFO - Epoch 146, Train Loss: 0.006119695643053756, Train Accuracy: 0.9980
2024-09-13 16:27:03,617 - INFO - Epoch 146, Validation Loss: 5.714870519108242, Validation Accuracy: 0.3114
2024-09-13 16:28:31,582 - INFO - Epoch 147, Train Loss: 0.009266369014962696, Train Accuracy: 0.9972
2024-09-13 16:28:39,908 - INFO - Epoch 147, Validation Loss: 5.36089465353224, Validation Accuracy: 0.3497
2024-09-13 16:30:07,831 - INFO - Epoch 148, Train Loss: 0.007971249284510904, Train Accuracy: 0.9974
2024-09-13 16:30:16,132 - INFO - Epoch 148, Validation Loss: 5.540925403436025, Validation Accuracy: 0.3254
2024-09-13 16:31:44,076 - INFO - Epoch 149, Train Loss: 0.006791175429514992, Train Accuracy: 0.9980
2024-09-13 16:31:52,379 - INFO - Epoch 149, Validation Loss: 5.391711566183302, Validation Accuracy: 0.3258
2024-09-13 16:33:20,352 - INFO - Epoch 150, Train Loss: 0.01047620485403555, Train Accuracy: 0.9963
2024-09-13 16:33:28,657 - INFO - Epoch 150, Validation Loss: 5.640183203750187, Validation Accuracy: 0.3245
2024-09-13 16:34:56,604 - INFO - Epoch 151, Train Loss: 0.0051153330762204255, Train Accuracy: 0.9980
2024-09-13 16:35:04,896 - INFO - Epoch 151, Validation Loss: 5.478305174244775, Validation Accuracy: 0.3415
2024-09-13 16:36:32,866 - INFO - Epoch 152, Train Loss: 0.00881575049456256, Train Accuracy: 0.9980
2024-09-13 16:36:41,194 - INFO - Epoch 152, Validation Loss: 5.361457506815593, Validation Accuracy: 0.3345
2024-09-13 16:38:09,156 - INFO - Epoch 153, Train Loss: 0.005949825598473341, Train Accuracy: 0.9977
2024-09-13 16:38:17,463 - INFO - Epoch 153, Validation Loss: 5.524884819984436, Validation Accuracy: 0.3332
2024-09-13 16:39:45,430 - INFO - Epoch 154, Train Loss: 0.006116904888312444, Train Accuracy: 0.9975
2024-09-13 16:39:53,720 - INFO - Epoch 154, Validation Loss: 5.412925653987461, Validation Accuracy: 0.3354
2024-09-13 16:41:21,606 - INFO - Epoch 155, Train Loss: 0.00417485324248273, Train Accuracy: 0.9986
2024-09-13 16:41:29,905 - INFO - Epoch 155, Validation Loss: 5.279730055067274, Validation Accuracy: 0.3280
2024-09-13 16:42:57,811 - INFO - Epoch 156, Train Loss: 0.004947189062650235, Train Accuracy: 0.9985
2024-09-13 16:43:06,116 - INFO - Epoch 156, Validation Loss: 5.735929608345032, Validation Accuracy: 0.3214
2024-09-13 16:44:34,082 - INFO - Epoch 157, Train Loss: 0.005622086464672919, Train Accuracy: 0.9983
2024-09-13 16:44:42,382 - INFO - Epoch 157, Validation Loss: 5.752164761225383, Validation Accuracy: 0.3145
2024-09-13 16:46:10,285 - INFO - Epoch 158, Train Loss: 0.007954280792222719, Train Accuracy: 0.9976
2024-09-13 16:46:18,584 - INFO - Epoch 158, Validation Loss: 5.613494210773045, Validation Accuracy: 0.3388
2024-09-13 16:47:46,519 - INFO - Epoch 159, Train Loss: 0.009841302891186527, Train Accuracy: 0.9966
2024-09-13 16:47:54,828 - INFO - Epoch 159, Validation Loss: 5.430616199970245, Validation Accuracy: 0.3332
2024-09-13 16:49:22,752 - INFO - Epoch 160, Train Loss: 0.006605250063670822, Train Accuracy: 0.9974
2024-09-13 16:49:31,054 - INFO - Epoch 160, Validation Loss: 5.4536638259887695, Validation Accuracy: 0.3345
2024-09-13 16:50:58,996 - INFO - Epoch 161, Train Loss: 0.011347250723489988, Train Accuracy: 0.9957
2024-09-13 16:51:07,302 - INFO - Epoch 161, Validation Loss: 5.480019927024841, Validation Accuracy: 0.3319
2024-09-13 16:52:35,201 - INFO - Epoch 162, Train Loss: 0.008446619635727471, Train Accuracy: 0.9969
2024-09-13 16:52:43,494 - INFO - Epoch 162, Validation Loss: 5.059106369813283, Validation Accuracy: 0.3523
2024-09-13 16:54:11,390 - INFO - Epoch 163, Train Loss: 0.007368424996780803, Train Accuracy: 0.9972
2024-09-13 16:54:19,686 - INFO - Epoch 163, Validation Loss: 5.2572433021333485, Validation Accuracy: 0.3384
2024-09-13 16:55:47,607 - INFO - Epoch 164, Train Loss: 0.00817309203039872, Train Accuracy: 0.9976
2024-09-13 16:55:55,896 - INFO - Epoch 164, Validation Loss: 5.2738209168116255, Validation Accuracy: 0.3428
2024-09-13 16:57:23,831 - INFO - Epoch 165, Train Loss: 0.007007392418843642, Train Accuracy: 0.9982
2024-09-13 16:57:32,121 - INFO - Epoch 165, Validation Loss: 5.449749781025781, Validation Accuracy: 0.3345
2024-09-13 16:59:00,021 - INFO - Epoch 166, Train Loss: 0.004818061738286776, Train Accuracy: 0.9982
2024-09-13 16:59:08,313 - INFO - Epoch 166, Validation Loss: 5.507354941633013, Validation Accuracy: 0.3293
2024-09-13 17:00:36,239 - INFO - Epoch 167, Train Loss: 0.003494409507040886, Train Accuracy: 0.9991
2024-09-13 17:00:44,536 - INFO - Epoch 167, Validation Loss: 5.629030611779955, Validation Accuracy: 0.3415
2024-09-13 17:02:12,482 - INFO - Epoch 168, Train Loss: 0.0043027644389406474, Train Accuracy: 0.9985
2024-09-13 17:02:20,781 - INFO - Epoch 168, Validation Loss: 5.358818352222443, Validation Accuracy: 0.3454
2024-09-13 17:03:48,752 - INFO - Epoch 169, Train Loss: 0.008384429764426085, Train Accuracy: 0.9976
2024-09-13 17:03:57,114 - INFO - Epoch 169, Validation Loss: 5.357314520412022, Validation Accuracy: 0.3462
2024-09-13 17:05:25,183 - INFO - Epoch 170, Train Loss: 0.009896897239261664, Train Accuracy: 0.9971
2024-09-13 17:05:33,504 - INFO - Epoch 170, Validation Loss: 5.484124342600505, Validation Accuracy: 0.3345
2024-09-13 17:07:01,451 - INFO - Epoch 171, Train Loss: 0.008369886385413684, Train Accuracy: 0.9972
2024-09-13 17:07:09,753 - INFO - Epoch 171, Validation Loss: 5.225410852167341, Validation Accuracy: 0.3332
2024-09-13 17:08:37,717 - INFO - Epoch 172, Train Loss: 0.006052926210511584, Train Accuracy: 0.9984
2024-09-13 17:08:46,033 - INFO - Epoch 172, Validation Loss: 5.3799499538209705, Validation Accuracy: 0.3227
2024-09-13 17:10:13,962 - INFO - Epoch 173, Train Loss: 0.0030499732847546193, Train Accuracy: 0.9993
2024-09-13 17:10:22,263 - INFO - Epoch 173, Validation Loss: 5.490933709674412, Validation Accuracy: 0.3297
2024-09-13 17:11:50,251 - INFO - Epoch 174, Train Loss: 0.006138862200128486, Train Accuracy: 0.9982
2024-09-13 17:11:58,546 - INFO - Epoch 174, Validation Loss: 5.362393365965949, Validation Accuracy: 0.3367
2024-09-13 17:13:26,483 - INFO - Epoch 175, Train Loss: 0.005721231481843154, Train Accuracy: 0.9982
2024-09-13 17:13:34,774 - INFO - Epoch 175, Validation Loss: 5.611181735992432, Validation Accuracy: 0.3332
2024-09-13 17:15:02,718 - INFO - Epoch 176, Train Loss: 0.005220383857687552, Train Accuracy: 0.9986
2024-09-13 17:15:11,021 - INFO - Epoch 176, Validation Loss: 5.5538537171151905, Validation Accuracy: 0.3332
2024-09-13 17:16:38,950 - INFO - Epoch 177, Train Loss: 0.004695887378276079, Train Accuracy: 0.9981
2024-09-13 17:16:47,249 - INFO - Epoch 177, Validation Loss: 5.748700300852458, Validation Accuracy: 0.3297
2024-09-13 17:18:15,187 - INFO - Epoch 178, Train Loss: 0.011902072189776248, Train Accuracy: 0.9966
2024-09-13 17:18:23,481 - INFO - Epoch 178, Validation Loss: 5.286229021019405, Validation Accuracy: 0.3375
2024-09-13 17:19:51,413 - INFO - Epoch 179, Train Loss: 0.007918694320223558, Train Accuracy: 0.9972
2024-09-13 17:19:59,711 - INFO - Epoch 179, Validation Loss: 5.442053900824653, Validation Accuracy: 0.3341
2024-09-13 17:21:27,648 - INFO - Epoch 180, Train Loss: 0.007320048978771483, Train Accuracy: 0.9980
2024-09-13 17:21:35,951 - INFO - Epoch 180, Validation Loss: 5.613502422968547, Validation Accuracy: 0.3258
2024-09-13 17:23:03,894 - INFO - Epoch 181, Train Loss: 0.009381280188115551, Train Accuracy: 0.9973
2024-09-13 17:23:12,187 - INFO - Epoch 181, Validation Loss: 5.69472254647149, Validation Accuracy: 0.3297
2024-09-13 17:24:40,147 - INFO - Epoch 182, Train Loss: 0.009275099038424262, Train Accuracy: 0.9977
2024-09-13 17:24:48,425 - INFO - Epoch 182, Validation Loss: 5.527392903963725, Validation Accuracy: 0.3214
2024-09-13 17:26:16,273 - INFO - Epoch 183, Train Loss: 0.005284654830614222, Train Accuracy: 0.9983
2024-09-13 17:26:24,607 - INFO - Epoch 183, Validation Loss: 5.374944117334154, Validation Accuracy: 0.3332
2024-09-13 17:27:52,445 - INFO - Epoch 184, Train Loss: 0.005222600621171831, Train Accuracy: 0.9978
2024-09-13 17:28:00,733 - INFO - Epoch 184, Validation Loss: 5.730088710784912, Validation Accuracy: 0.3206
2024-09-13 17:29:28,617 - INFO - Epoch 185, Train Loss: 0.004296477698472627, Train Accuracy: 0.9984
2024-09-13 17:29:36,895 - INFO - Epoch 185, Validation Loss: 5.4658939308590355, Validation Accuracy: 0.3358
2024-09-13 17:31:04,766 - INFO - Epoch 186, Train Loss: 0.006482816941927593, Train Accuracy: 0.9981
2024-09-13 17:31:13,046 - INFO - Epoch 186, Validation Loss: 5.92113373014662, Validation Accuracy: 0.3362
2024-09-13 17:32:40,883 - INFO - Epoch 187, Train Loss: 0.009268640193526141, Train Accuracy: 0.9966
2024-09-13 17:32:49,163 - INFO - Epoch 187, Validation Loss: 5.41985219054752, Validation Accuracy: 0.3445
2024-09-13 17:34:17,027 - INFO - Epoch 188, Train Loss: 0.004325027123724426, Train Accuracy: 0.9988
2024-09-13 17:34:25,305 - INFO - Epoch 188, Validation Loss: 5.691810859574212, Validation Accuracy: 0.3249
2024-09-13 17:35:53,184 - INFO - Epoch 189, Train Loss: 0.0033284652473507133, Train Accuracy: 0.9987
2024-09-13 17:36:01,474 - INFO - Epoch 189, Validation Loss: 5.467623353004456, Validation Accuracy: 0.3406
2024-09-13 17:37:29,364 - INFO - Epoch 190, Train Loss: 0.005995862863846645, Train Accuracy: 0.9981
2024-09-13 17:37:37,649 - INFO - Epoch 190, Validation Loss: 5.599878483348423, Validation Accuracy: 0.3284
2024-09-13 17:39:05,507 - INFO - Epoch 191, Train Loss: 0.0027923710366866005, Train Accuracy: 0.9991
2024-09-13 17:39:13,778 - INFO - Epoch 191, Validation Loss: 5.470013035668267, Validation Accuracy: 0.3393
2024-09-13 17:40:41,627 - INFO - Epoch 192, Train Loss: 0.006971358587871452, Train Accuracy: 0.9977
2024-09-13 17:40:49,879 - INFO - Epoch 192, Validation Loss: 5.4063666926489935, Validation Accuracy: 0.3397
2024-09-13 17:42:17,741 - INFO - Epoch 193, Train Loss: 0.005379675633067435, Train Accuracy: 0.9983
2024-09-13 17:42:26,015 - INFO - Epoch 193, Validation Loss: 5.513340804311964, Validation Accuracy: 0.3275
2024-09-13 17:43:53,862 - INFO - Epoch 194, Train Loss: 0.004451822322376209, Train Accuracy: 0.9984
2024-09-13 17:44:02,156 - INFO - Epoch 194, Validation Loss: 5.970584021674262, Validation Accuracy: 0.3158
2024-09-13 17:45:30,145 - INFO - Epoch 195, Train Loss: 0.006772749589677033, Train Accuracy: 0.9977
2024-09-13 17:45:38,424 - INFO - Epoch 195, Validation Loss: 5.8004774120118885, Validation Accuracy: 0.3267
2024-09-13 17:47:06,348 - INFO - Epoch 196, Train Loss: 0.007698303070378224, Train Accuracy: 0.9969
2024-09-13 17:47:14,623 - INFO - Epoch 196, Validation Loss: 5.589466253916423, Validation Accuracy: 0.3349
2024-09-13 17:48:42,425 - INFO - Epoch 197, Train Loss: 0.010333868191685339, Train Accuracy: 0.9965
2024-09-13 17:48:50,700 - INFO - Epoch 197, Validation Loss: 5.629061698913574, Validation Accuracy: 0.3301
2024-09-13 17:50:18,651 - INFO - Epoch 198, Train Loss: 0.011290105465589595, Train Accuracy: 0.9962
2024-09-13 17:50:26,937 - INFO - Epoch 198, Validation Loss: 5.4842882884873285, Validation Accuracy: 0.3441
2024-09-13 17:51:54,857 - INFO - Epoch 199, Train Loss: 0.007639318496950165, Train Accuracy: 0.9971
2024-09-13 17:52:03,129 - INFO - Epoch 199, Validation Loss: 5.418921298450893, Validation Accuracy: 0.3428
2024-09-13 17:53:31,029 - INFO - Epoch 200, Train Loss: 0.004404482721609808, Train Accuracy: 0.9980
2024-09-13 17:53:39,305 - INFO - Epoch 200, Validation Loss: 5.615732471148173, Validation Accuracy: 0.3358
2024-09-13 17:53:39,728 - INFO - Final model saved at ../experiments/experiment_1/final.pt
2024-09-13 17:53:39,728 - INFO - Training completed in 5h 20m 33s
